{
  "uniqID": "",
  "order": 0,
  "rootUID": "4ee0901a-57c4-4325-b8e8-672e34e7337f",
  "origRootUID": "",
  "scanTime": 1447920669,
  "objectHash": "d41d8cd98f00b204e9800998ecf8427e",
  "parent": "",
  "uuid": "4ee0901a-57c4-4325-b8e8-672e34e7337f",
  "contentType": [],
  "ephID": "",
  "moduleMetadata": {
    "META_HASH": {
      "HASHES": {
        "md5": "d41d8cd98f00b204e9800998ecf8427e",
        "SHA1": "da39a3ee5e6b4b0d3255bfef95601890afd80709",
        "SHA512": "cf83e1357eefb8bdf1542850d66d8007d620e4050b5715dc83f4a921d36ce9ce47d0d13c5d85f2b0ff8318d2877eec2f63b931bd47417a81a538327af927da3e",
        "SHA256": "e3b0c44298fc1c149afbf4c8996fb92427ae41e4649b934ca495991b7852b855",
        "ssdeep": "3::"
      }
    },
    "DISPATCH": {
      "Conditional Rules": [
        "send_to_fluent (50)",
        "DISPOSITION_FILE (10)"
      ],
      "Rules": [
        "scan_yara (9)",
        "meta_hash (9)"
      ]
    },
    "DISPOSITIONER": {
      "Disposition": {
        "Result": "Accept",
        "Input_Flags": [],
        "Disposition_File": "etc/modules/disposition.yara",
        "Matches": []
      }
    }
  },
  "objectSize": 0,
  "fileType": [],
  "level": 2,
  "filename": "/home/wildcat/Lockheed/laikaboss/malware/.fr-siNEEO/Practical Malware Analysis Labs/BinaryCollection/Chapter_1L/Lab01-01.dll",
  "depth": 0,
  "sourceModule": "",
  "flags": [],
  "source": "CLI",
  "scanModules": [
    "SCAN_YARA",
    "META_HASH",
    "DISPOSITIONER",
    "LOG_FLUENT"
  ]
}
{
  "uniqID": "",
  "order": 0,
  "rootUID": "6057cb24-a016-4faa-8ad1-114c3c63a0fd",
  "origRootUID": "",
  "scanTime": 1447920669,
  "objectHash": "d41d8cd98f00b204e9800998ecf8427e",
  "parent": "",
  "uuid": "6057cb24-a016-4faa-8ad1-114c3c63a0fd",
  "contentType": [],
  "ephID": "",
  "moduleMetadata": {
    "META_HASH": {
      "HASHES": {
        "md5": "d41d8cd98f00b204e9800998ecf8427e",
        "SHA1": "da39a3ee5e6b4b0d3255bfef95601890afd80709",
        "SHA512": "cf83e1357eefb8bdf1542850d66d8007d620e4050b5715dc83f4a921d36ce9ce47d0d13c5d85f2b0ff8318d2877eec2f63b931bd47417a81a538327af927da3e",
        "SHA256": "e3b0c44298fc1c149afbf4c8996fb92427ae41e4649b934ca495991b7852b855",
        "ssdeep": "3::"
      }
    },
    "DISPATCH": {
      "Conditional Rules": [
        "send_to_fluent (50)",
        "DISPOSITION_FILE (10)"
      ],
      "Rules": [
        "scan_yara (9)",
        "meta_hash (9)"
      ]
    },
    "DISPOSITIONER": {
      "Disposition": {
        "Result": "Accept",
        "Input_Flags": [],
        "Disposition_File": "etc/modules/disposition.yara",
        "Matches": []
      }
    }
  },
  "objectSize": 0,
  "fileType": [],
  "level": 2,
  "filename": "/home/wildcat/Lockheed/laikaboss/malware/.fr-siNEEO/Practical Malware Analysis Labs/BinaryCollection/Chapter_1L/Lab01-02.exe",
  "depth": 0,
  "sourceModule": "",
  "flags": [],
  "source": "CLI",
  "scanModules": [
    "SCAN_YARA",
    "META_HASH",
    "DISPOSITIONER",
    "LOG_FLUENT"
  ]
}
{
  "uniqID": "",
  "order": 0,
  "rootUID": "6c486bed-8cd6-4efc-8847-86b38687fc32",
  "origRootUID": "",
  "scanTime": 1447920669,
  "objectHash": "d41d8cd98f00b204e9800998ecf8427e",
  "parent": "",
  "uuid": "6c486bed-8cd6-4efc-8847-86b38687fc32",
  "contentType": [],
  "ephID": "",
  "moduleMetadata": {
    "META_HASH": {
      "HASHES": {
        "md5": "d41d8cd98f00b204e9800998ecf8427e",
        "SHA1": "da39a3ee5e6b4b0d3255bfef95601890afd80709",
        "SHA512": "cf83e1357eefb8bdf1542850d66d8007d620e4050b5715dc83f4a921d36ce9ce47d0d13c5d85f2b0ff8318d2877eec2f63b931bd47417a81a538327af927da3e",
        "SHA256": "e3b0c44298fc1c149afbf4c8996fb92427ae41e4649b934ca495991b7852b855",
        "ssdeep": "3::"
      }
    },
    "DISPATCH": {
      "Conditional Rules": [
        "send_to_fluent (50)",
        "DISPOSITION_FILE (10)"
      ],
      "Rules": [
        "scan_yara (9)",
        "meta_hash (9)"
      ]
    },
    "DISPOSITIONER": {
      "Disposition": {
        "Result": "Accept",
        "Input_Flags": [],
        "Disposition_File": "etc/modules/disposition.yara",
        "Matches": []
      }
    }
  },
  "objectSize": 0,
  "fileType": [],
  "level": 2,
  "filename": "/home/wildcat/Lockheed/laikaboss/malware/.fr-siNEEO/Practical Malware Analysis Labs/BinaryCollection/Chapter_1L/Lab01-03.exe",
  "depth": 0,
  "sourceModule": "",
  "flags": [],
  "source": "CLI",
  "scanModules": [
    "SCAN_YARA",
    "META_HASH",
    "DISPOSITIONER",
    "LOG_FLUENT"
  ]
}
{
  "uniqID": "",
  "order": 0,
  "rootUID": "8636a7b1-6ffb-4048-bae5-bf62b126bbde",
  "origRootUID": "",
  "scanTime": 1447920669,
  "objectHash": "d41d8cd98f00b204e9800998ecf8427e",
  "parent": "",
  "uuid": "8636a7b1-6ffb-4048-bae5-bf62b126bbde",
  "contentType": [],
  "ephID": "",
  "moduleMetadata": {
    "META_HASH": {
      "HASHES": {
        "md5": "d41d8cd98f00b204e9800998ecf8427e",
        "SHA1": "da39a3ee5e6b4b0d3255bfef95601890afd80709",
        "SHA512": "cf83e1357eefb8bdf1542850d66d8007d620e4050b5715dc83f4a921d36ce9ce47d0d13c5d85f2b0ff8318d2877eec2f63b931bd47417a81a538327af927da3e",
        "SHA256": "e3b0c44298fc1c149afbf4c8996fb92427ae41e4649b934ca495991b7852b855",
        "ssdeep": "3::"
      }
    },
    "DISPATCH": {
      "Conditional Rules": [
        "send_to_fluent (50)",
        "DISPOSITION_FILE (10)"
      ],
      "Rules": [
        "scan_yara (9)",
        "meta_hash (9)"
      ]
    },
    "DISPOSITIONER": {
      "Disposition": {
        "Result": "Accept",
        "Input_Flags": [],
        "Disposition_File": "etc/modules/disposition.yara",
        "Matches": []
      }
    }
  },
  "objectSize": 0,
  "fileType": [],
  "level": 2,
  "filename": "/home/wildcat/Lockheed/laikaboss/malware/.fr-siNEEO/Practical Malware Analysis Labs/BinaryCollection/Chapter_1L/Lab01-04.exe",
  "depth": 0,
  "sourceModule": "",
  "flags": [],
  "source": "CLI",
  "scanModules": [
    "SCAN_YARA",
    "META_HASH",
    "DISPOSITIONER",
    "LOG_FLUENT"
  ]
}
{
  "uniqID": "",
  "order": 0,
  "rootUID": "3d9abb2a-190e-41dd-bb14-b96d055256e5",
  "origRootUID": "",
  "scanTime": 1447920669,
  "objectHash": "d41d8cd98f00b204e9800998ecf8427e",
  "parent": "",
  "uuid": "3d9abb2a-190e-41dd-bb14-b96d055256e5",
  "contentType": [],
  "ephID": "",
  "moduleMetadata": {
    "META_HASH": {
      "HASHES": {
        "md5": "d41d8cd98f00b204e9800998ecf8427e",
        "SHA1": "da39a3ee5e6b4b0d3255bfef95601890afd80709",
        "SHA512": "cf83e1357eefb8bdf1542850d66d8007d620e4050b5715dc83f4a921d36ce9ce47d0d13c5d85f2b0ff8318d2877eec2f63b931bd47417a81a538327af927da3e",
        "SHA256": "e3b0c44298fc1c149afbf4c8996fb92427ae41e4649b934ca495991b7852b855",
        "ssdeep": "3::"
      }
    },
    "DISPATCH": {
      "Conditional Rules": [
        "send_to_fluent (50)",
        "DISPOSITION_FILE (10)"
      ],
      "Rules": [
        "scan_yara (9)",
        "meta_hash (9)"
      ]
    },
    "DISPOSITIONER": {
      "Disposition": {
        "Result": "Accept",
        "Input_Flags": [],
        "Disposition_File": "etc/modules/disposition.yara",
        "Matches": []
      }
    }
  },
  "objectSize": 0,
  "fileType": [],
  "level": 2,
  "filename": "/home/wildcat/Lockheed/laikaboss/malware/.fr-siNEEO/Practical Malware Analysis Labs/BinaryCollection/Chapter_1L/Lab01-01.exe",
  "depth": 0,
  "sourceModule": "",
  "flags": [],
  "source": "CLI",
  "scanModules": [
    "SCAN_YARA",
    "META_HASH",
    "DISPOSITIONER",
    "LOG_FLUENT"
  ]
}
