{
  "uniqID": "",
  "order": 0,
  "rootUID": "78403e26-de70-4790-8ff7-b208945c0e75",
  "origRootUID": "",
  "scanTime": 1447920668,
  "objectHash": "d41d8cd98f00b204e9800998ecf8427e",
  "parent": "",
  "uuid": "78403e26-de70-4790-8ff7-b208945c0e75",
  "contentType": [],
  "ephID": "",
  "moduleMetadata": {
    "META_HASH": {
      "HASHES": {
        "md5": "d41d8cd98f00b204e9800998ecf8427e",
        "SHA1": "da39a3ee5e6b4b0d3255bfef95601890afd80709",
        "SHA512": "cf83e1357eefb8bdf1542850d66d8007d620e4050b5715dc83f4a921d36ce9ce47d0d13c5d85f2b0ff8318d2877eec2f63b931bd47417a81a538327af927da3e",
        "SHA256": "e3b0c44298fc1c149afbf4c8996fb92427ae41e4649b934ca495991b7852b855",
        "ssdeep": "3::"
      }
    },
    "DISPATCH": {
      "Conditional Rules": [
        "send_to_fluent (50)",
        "DISPOSITION_FILE (10)"
      ],
      "Rules": [
        "scan_yara (9)",
        "meta_hash (9)"
      ]
    },
    "DISPOSITIONER": {
      "Disposition": {
        "Result": "Accept",
        "Input_Flags": [],
        "Disposition_File": "etc/modules/disposition.yara",
        "Matches": []
      }
    }
  },
  "objectSize": 0,
  "fileType": [],
  "level": 2,
  "filename": "/home/wildcat/Lockheed/laikaboss/malware/.fr-1KQh8k/Practical Malware Analysis Labs/BinaryCollection/Chapter_1L/Lab01-01.exe",
  "depth": 0,
  "sourceModule": "",
  "flags": [],
  "source": "CLI",
  "scanModules": [
    "SCAN_YARA",
    "META_HASH",
    "DISPOSITIONER",
    "LOG_FLUENT"
  ]
}
{
  "uniqID": "",
  "order": 0,
  "rootUID": "88faaf85-bbf9-44a2-97a4-1f6bc2e39442",
  "origRootUID": "",
  "scanTime": 1447920668,
  "objectHash": "d41d8cd98f00b204e9800998ecf8427e",
  "parent": "",
  "uuid": "88faaf85-bbf9-44a2-97a4-1f6bc2e39442",
  "contentType": [],
  "ephID": "",
  "moduleMetadata": {
    "META_HASH": {
      "HASHES": {
        "md5": "d41d8cd98f00b204e9800998ecf8427e",
        "SHA1": "da39a3ee5e6b4b0d3255bfef95601890afd80709",
        "SHA512": "cf83e1357eefb8bdf1542850d66d8007d620e4050b5715dc83f4a921d36ce9ce47d0d13c5d85f2b0ff8318d2877eec2f63b931bd47417a81a538327af927da3e",
        "SHA256": "e3b0c44298fc1c149afbf4c8996fb92427ae41e4649b934ca495991b7852b855",
        "ssdeep": "3::"
      }
    },
    "DISPATCH": {
      "Conditional Rules": [
        "send_to_fluent (50)",
        "DISPOSITION_FILE (10)"
      ],
      "Rules": [
        "scan_yara (9)",
        "meta_hash (9)"
      ]
    },
    "DISPOSITIONER": {
      "Disposition": {
        "Result": "Accept",
        "Input_Flags": [],
        "Disposition_File": "etc/modules/disposition.yara",
        "Matches": []
      }
    }
  },
  "objectSize": 0,
  "fileType": [],
  "level": 2,
  "filename": "/home/wildcat/Lockheed/laikaboss/malware/.fr-1KQh8k/Practical Malware Analysis Labs/BinaryCollection/Chapter_1L/Lab01-04.exe",
  "depth": 0,
  "sourceModule": "",
  "flags": [],
  "source": "CLI",
  "scanModules": [
    "SCAN_YARA",
    "META_HASH",
    "DISPOSITIONER",
    "LOG_FLUENT"
  ]
}
{
  "uniqID": "",
  "order": 0,
  "rootUID": "a656a414-1632-40d6-a8ad-51895642366d",
  "origRootUID": "",
  "scanTime": 1447920668,
  "objectHash": "d41d8cd98f00b204e9800998ecf8427e",
  "parent": "",
  "uuid": "a656a414-1632-40d6-a8ad-51895642366d",
  "contentType": [],
  "ephID": "",
  "moduleMetadata": {
    "META_HASH": {
      "HASHES": {
        "md5": "d41d8cd98f00b204e9800998ecf8427e",
        "SHA1": "da39a3ee5e6b4b0d3255bfef95601890afd80709",
        "SHA512": "cf83e1357eefb8bdf1542850d66d8007d620e4050b5715dc83f4a921d36ce9ce47d0d13c5d85f2b0ff8318d2877eec2f63b931bd47417a81a538327af927da3e",
        "SHA256": "e3b0c44298fc1c149afbf4c8996fb92427ae41e4649b934ca495991b7852b855",
        "ssdeep": "3::"
      }
    },
    "DISPATCH": {
      "Conditional Rules": [
        "send_to_fluent (50)",
        "DISPOSITION_FILE (10)"
      ],
      "Rules": [
        "scan_yara (9)",
        "meta_hash (9)"
      ]
    },
    "DISPOSITIONER": {
      "Disposition": {
        "Result": "Accept",
        "Input_Flags": [],
        "Disposition_File": "etc/modules/disposition.yara",
        "Matches": []
      }
    }
  },
  "objectSize": 0,
  "fileType": [],
  "level": 2,
  "filename": "/home/wildcat/Lockheed/laikaboss/malware/.fr-1KQh8k/Practical Malware Analysis Labs/BinaryCollection/Chapter_1L/Lab01-03.exe",
  "depth": 0,
  "sourceModule": "",
  "flags": [],
  "source": "CLI",
  "scanModules": [
    "SCAN_YARA",
    "META_HASH",
    "DISPOSITIONER",
    "LOG_FLUENT"
  ]
}
{
  "uniqID": "",
  "order": 0,
  "rootUID": "7907602b-8fe6-42e1-9a03-59599822411c",
  "origRootUID": "",
  "scanTime": 1447920668,
  "objectHash": "d41d8cd98f00b204e9800998ecf8427e",
  "parent": "",
  "uuid": "7907602b-8fe6-42e1-9a03-59599822411c",
  "contentType": [],
  "ephID": "",
  "moduleMetadata": {
    "META_HASH": {
      "HASHES": {
        "md5": "d41d8cd98f00b204e9800998ecf8427e",
        "SHA1": "da39a3ee5e6b4b0d3255bfef95601890afd80709",
        "SHA512": "cf83e1357eefb8bdf1542850d66d8007d620e4050b5715dc83f4a921d36ce9ce47d0d13c5d85f2b0ff8318d2877eec2f63b931bd47417a81a538327af927da3e",
        "SHA256": "e3b0c44298fc1c149afbf4c8996fb92427ae41e4649b934ca495991b7852b855",
        "ssdeep": "3::"
      }
    },
    "DISPATCH": {
      "Conditional Rules": [
        "send_to_fluent (50)",
        "DISPOSITION_FILE (10)"
      ],
      "Rules": [
        "scan_yara (9)",
        "meta_hash (9)"
      ]
    },
    "DISPOSITIONER": {
      "Disposition": {
        "Result": "Accept",
        "Input_Flags": [],
        "Disposition_File": "etc/modules/disposition.yara",
        "Matches": []
      }
    }
  },
  "objectSize": 0,
  "fileType": [],
  "level": 2,
  "filename": "/home/wildcat/Lockheed/laikaboss/malware/.fr-1KQh8k/Practical Malware Analysis Labs/BinaryCollection/Chapter_1L/Lab01-01.dll",
  "depth": 0,
  "sourceModule": "",
  "flags": [],
  "source": "CLI",
  "scanModules": [
    "SCAN_YARA",
    "META_HASH",
    "DISPOSITIONER",
    "LOG_FLUENT"
  ]
}
{
  "uniqID": "",
  "order": 0,
  "rootUID": "e36fdb96-9995-476a-917b-92c8904d69b1",
  "origRootUID": "",
  "scanTime": 1447920668,
  "objectHash": "d41d8cd98f00b204e9800998ecf8427e",
  "parent": "",
  "uuid": "e36fdb96-9995-476a-917b-92c8904d69b1",
  "contentType": [],
  "ephID": "",
  "moduleMetadata": {
    "META_HASH": {
      "HASHES": {
        "md5": "d41d8cd98f00b204e9800998ecf8427e",
        "SHA1": "da39a3ee5e6b4b0d3255bfef95601890afd80709",
        "SHA512": "cf83e1357eefb8bdf1542850d66d8007d620e4050b5715dc83f4a921d36ce9ce47d0d13c5d85f2b0ff8318d2877eec2f63b931bd47417a81a538327af927da3e",
        "SHA256": "e3b0c44298fc1c149afbf4c8996fb92427ae41e4649b934ca495991b7852b855",
        "ssdeep": "3::"
      }
    },
    "DISPATCH": {
      "Conditional Rules": [
        "send_to_fluent (50)",
        "DISPOSITION_FILE (10)"
      ],
      "Rules": [
        "scan_yara (9)",
        "meta_hash (9)"
      ]
    },
    "DISPOSITIONER": {
      "Disposition": {
        "Result": "Accept",
        "Input_Flags": [],
        "Disposition_File": "etc/modules/disposition.yara",
        "Matches": []
      }
    }
  },
  "objectSize": 0,
  "fileType": [],
  "level": 2,
  "filename": "/home/wildcat/Lockheed/laikaboss/malware/.fr-1KQh8k/Practical Malware Analysis Labs/BinaryCollection/Chapter_1L/Lab01-02.exe",
  "depth": 0,
  "sourceModule": "",
  "flags": [],
  "source": "CLI",
  "scanModules": [
    "SCAN_YARA",
    "META_HASH",
    "DISPOSITIONER",
    "LOG_FLUENT"
  ]
}
