{
  "uniqID": "",
  "order": 0,
  "rootUID": "2f8c541a-cc2e-4d5f-8e48-21084e5e22b2",
  "origRootUID": "",
  "scanTime": 1446963648,
  "objectHash": "d41d8cd98f00b204e9800998ecf8427e",
  "parent": "",
  "uuid": "2f8c541a-cc2e-4d5f-8e48-21084e5e22b2",
  "contentType": [],
  "ephID": "",
  "moduleMetadata": {
    "META_HASH": {
      "HASHES": {
        "md5": "d41d8cd98f00b204e9800998ecf8427e",
        "SHA1": "da39a3ee5e6b4b0d3255bfef95601890afd80709",
        "SHA512": "cf83e1357eefb8bdf1542850d66d8007d620e4050b5715dc83f4a921d36ce9ce47d0d13c5d85f2b0ff8318d2877eec2f63b931bd47417a81a538327af927da3e",
        "SHA256": "e3b0c44298fc1c149afbf4c8996fb92427ae41e4649b934ca495991b7852b855",
        "ssdeep": "3::"
      }
    },
    "DISPATCH": {
      "Conditional Rules": [
        "send_to_fluent (50)",
        "DISPOSITION_FILE (10)"
      ],
      "Rules": [
        "scan_yara (9)",
        "meta_hash (9)"
      ]
    },
    "DISPOSITIONER": {
      "Disposition": {
        "Result": "Accept",
        "Input_Flags": [],
        "Disposition_File": "etc/modules/disposition.yara",
        "Matches": []
      }
    }
  },
  "objectSize": 0,
  "fileType": [],
  "level": 2,
  "filename": "/home/wildcat/Lockheed/laikaboss/malware/.fr-siNEEO/Practical Malware Analysis Labs/BinaryCollection/Chapter_1L/Lab01-01.dll",
  "depth": 0,
  "sourceModule": "",
  "flags": [],
  "source": "CLI",
  "scanModules": [
    "SCAN_YARA",
    "META_HASH",
    "DISPOSITIONER",
    "LOG_FLUENT"
  ]
}
{
  "uniqID": "",
  "order": 0,
  "rootUID": "664044e0-e622-4eeb-b9e2-d6dc73d95f31",
  "origRootUID": "",
  "scanTime": 1446963648,
  "objectHash": "d41d8cd98f00b204e9800998ecf8427e",
  "parent": "",
  "uuid": "664044e0-e622-4eeb-b9e2-d6dc73d95f31",
  "contentType": [],
  "ephID": "",
  "moduleMetadata": {
    "META_HASH": {
      "HASHES": {
        "md5": "d41d8cd98f00b204e9800998ecf8427e",
        "SHA1": "da39a3ee5e6b4b0d3255bfef95601890afd80709",
        "SHA512": "cf83e1357eefb8bdf1542850d66d8007d620e4050b5715dc83f4a921d36ce9ce47d0d13c5d85f2b0ff8318d2877eec2f63b931bd47417a81a538327af927da3e",
        "SHA256": "e3b0c44298fc1c149afbf4c8996fb92427ae41e4649b934ca495991b7852b855",
        "ssdeep": "3::"
      }
    },
    "DISPATCH": {
      "Conditional Rules": [
        "send_to_fluent (50)",
        "DISPOSITION_FILE (10)"
      ],
      "Rules": [
        "scan_yara (9)",
        "meta_hash (9)"
      ]
    },
    "DISPOSITIONER": {
      "Disposition": {
        "Result": "Accept",
        "Input_Flags": [],
        "Disposition_File": "etc/modules/disposition.yara",
        "Matches": []
      }
    }
  },
  "objectSize": 0,
  "fileType": [],
  "level": 2,
  "filename": "/home/wildcat/Lockheed/laikaboss/malware/.fr-siNEEO/Practical Malware Analysis Labs/BinaryCollection/Chapter_1L/Lab01-02.exe",
  "depth": 0,
  "sourceModule": "",
  "flags": [],
  "source": "CLI",
  "scanModules": [
    "SCAN_YARA",
    "META_HASH",
    "DISPOSITIONER",
    "LOG_FLUENT"
  ]
}
{
  "uniqID": "",
  "order": 0,
  "rootUID": "59fb317f-3aff-491f-a2ce-677307126cb7",
  "origRootUID": "",
  "scanTime": 1446963648,
  "objectHash": "d41d8cd98f00b204e9800998ecf8427e",
  "parent": "",
  "uuid": "59fb317f-3aff-491f-a2ce-677307126cb7",
  "contentType": [],
  "ephID": "",
  "moduleMetadata": {
    "META_HASH": {
      "HASHES": {
        "md5": "d41d8cd98f00b204e9800998ecf8427e",
        "SHA1": "da39a3ee5e6b4b0d3255bfef95601890afd80709",
        "SHA512": "cf83e1357eefb8bdf1542850d66d8007d620e4050b5715dc83f4a921d36ce9ce47d0d13c5d85f2b0ff8318d2877eec2f63b931bd47417a81a538327af927da3e",
        "SHA256": "e3b0c44298fc1c149afbf4c8996fb92427ae41e4649b934ca495991b7852b855",
        "ssdeep": "3::"
      }
    },
    "DISPATCH": {
      "Conditional Rules": [
        "send_to_fluent (50)",
        "DISPOSITION_FILE (10)"
      ],
      "Rules": [
        "scan_yara (9)",
        "meta_hash (9)"
      ]
    },
    "DISPOSITIONER": {
      "Disposition": {
        "Result": "Accept",
        "Input_Flags": [],
        "Disposition_File": "etc/modules/disposition.yara",
        "Matches": []
      }
    }
  },
  "objectSize": 0,
  "fileType": [],
  "level": 2,
  "filename": "/home/wildcat/Lockheed/laikaboss/malware/.fr-siNEEO/Practical Malware Analysis Labs/BinaryCollection/Chapter_1L/Lab01-04.exe",
  "depth": 0,
  "sourceModule": "",
  "flags": [],
  "source": "CLI",
  "scanModules": [
    "SCAN_YARA",
    "META_HASH",
    "DISPOSITIONER",
    "LOG_FLUENT"
  ]
}
{
  "uniqID": "",
  "order": 0,
  "rootUID": "1c7b388a-9499-44eb-a230-704b6313bb02",
  "origRootUID": "",
  "scanTime": 1446963648,
  "objectHash": "d41d8cd98f00b204e9800998ecf8427e",
  "parent": "",
  "uuid": "1c7b388a-9499-44eb-a230-704b6313bb02",
  "contentType": [],
  "ephID": "",
  "moduleMetadata": {
    "META_HASH": {
      "HASHES": {
        "md5": "d41d8cd98f00b204e9800998ecf8427e",
        "SHA1": "da39a3ee5e6b4b0d3255bfef95601890afd80709",
        "SHA512": "cf83e1357eefb8bdf1542850d66d8007d620e4050b5715dc83f4a921d36ce9ce47d0d13c5d85f2b0ff8318d2877eec2f63b931bd47417a81a538327af927da3e",
        "SHA256": "e3b0c44298fc1c149afbf4c8996fb92427ae41e4649b934ca495991b7852b855",
        "ssdeep": "3::"
      }
    },
    "DISPATCH": {
      "Conditional Rules": [
        "send_to_fluent (50)",
        "DISPOSITION_FILE (10)"
      ],
      "Rules": [
        "scan_yara (9)",
        "meta_hash (9)"
      ]
    },
    "DISPOSITIONER": {
      "Disposition": {
        "Result": "Accept",
        "Input_Flags": [],
        "Disposition_File": "etc/modules/disposition.yara",
        "Matches": []
      }
    }
  },
  "objectSize": 0,
  "fileType": [],
  "level": 2,
  "filename": "/home/wildcat/Lockheed/laikaboss/malware/.fr-siNEEO/Practical Malware Analysis Labs/BinaryCollection/Chapter_1L/Lab01-01.exe",
  "depth": 0,
  "sourceModule": "",
  "flags": [],
  "source": "CLI",
  "scanModules": [
    "SCAN_YARA",
    "META_HASH",
    "DISPOSITIONER",
    "LOG_FLUENT"
  ]
}
{
  "uniqID": "",
  "order": 0,
  "rootUID": "7e40fc19-e332-4bc7-85da-5b6eb1593b21",
  "origRootUID": "",
  "scanTime": 1446963648,
  "objectHash": "d41d8cd98f00b204e9800998ecf8427e",
  "parent": "",
  "uuid": "7e40fc19-e332-4bc7-85da-5b6eb1593b21",
  "contentType": [],
  "ephID": "",
  "moduleMetadata": {
    "META_HASH": {
      "HASHES": {
        "md5": "d41d8cd98f00b204e9800998ecf8427e",
        "SHA1": "da39a3ee5e6b4b0d3255bfef95601890afd80709",
        "SHA512": "cf83e1357eefb8bdf1542850d66d8007d620e4050b5715dc83f4a921d36ce9ce47d0d13c5d85f2b0ff8318d2877eec2f63b931bd47417a81a538327af927da3e",
        "SHA256": "e3b0c44298fc1c149afbf4c8996fb92427ae41e4649b934ca495991b7852b855",
        "ssdeep": "3::"
      }
    },
    "DISPATCH": {
      "Conditional Rules": [
        "send_to_fluent (50)",
        "DISPOSITION_FILE (10)"
      ],
      "Rules": [
        "scan_yara (9)",
        "meta_hash (9)"
      ]
    },
    "DISPOSITIONER": {
      "Disposition": {
        "Result": "Accept",
        "Input_Flags": [],
        "Disposition_File": "etc/modules/disposition.yara",
        "Matches": []
      }
    }
  },
  "objectSize": 0,
  "fileType": [],
  "level": 2,
  "filename": "/home/wildcat/Lockheed/laikaboss/malware/.fr-siNEEO/Practical Malware Analysis Labs/BinaryCollection/Chapter_1L/Lab01-03.exe",
  "depth": 0,
  "sourceModule": "",
  "flags": [],
  "source": "CLI",
  "scanModules": [
    "SCAN_YARA",
    "META_HASH",
    "DISPOSITIONER",
    "LOG_FLUENT"
  ]
}
